d:\gabi programi cpp\monsters\monsters\debug\vc141.pdb
d:\gabi programi cpp\monsters\monsters\debug\vc141.idb
d:\gabi programi cpp\monsters\monsters\debug\zombie.obj
d:\gabi programi cpp\monsters\monsters\debug\weapon.obj
d:\gabi programi cpp\monsters\monsters\debug\vampire.obj
d:\gabi programi cpp\monsters\monsters\debug\tournament.obj
d:\gabi programi cpp\monsters\monsters\debug\shield.obj
d:\gabi programi cpp\monsters\monsters\debug\monsters.obj
d:\gabi programi cpp\monsters\monsters\debug\knight.obj
d:\gabi programi cpp\monsters\monsters\debug\fightingpair.obj
d:\gabi programi cpp\monsters\monsters\debug\everybodyvseverybody.obj
d:\gabi programi cpp\monsters\monsters\debug\dragon.obj
d:\gabi programi cpp\monsters\monsters\debug\directelemination.obj
d:\gabi programi cpp\monsters\monsters\debug\fighterwins.obj
d:\gabi programi cpp\monsters\monsters\debug\monsters.pch
d:\gabi programi cpp\monsters\monsters\debug\pch.obj
d:\gabi programi cpp\monsters\monsters\debug\mixed.obj
d:\gabi programi cpp\monsters\debug\monsters.exe
d:\gabi programi cpp\monsters\debug\monsters.ilk
d:\gabi programi cpp\monsters\debug\monsters.pdb
d:\gabi programi cpp\monsters\monsters\debug\monsters.tlog\cl.command.1.tlog
d:\gabi programi cpp\monsters\monsters\debug\monsters.tlog\cl.read.1.tlog
d:\gabi programi cpp\monsters\monsters\debug\monsters.tlog\cl.write.1.tlog
d:\gabi programi cpp\monsters\monsters\debug\monsters.tlog\link.command.1.tlog
d:\gabi programi cpp\monsters\monsters\debug\monsters.tlog\link.read.1.tlog
d:\gabi programi cpp\monsters\monsters\debug\monsters.tlog\link.write.1.tlog
